2025-11-05 02:43:53,945 - __main__ - INFO - Примеры успешно загружены.
2025-11-05 02:44:01,241 - __main__ - INFO - Загружен пример: a*x + b = 0
2025-11-05 02:44:01,241 - __main__ - INFO - Решение уравнения: a*x + b = 0
2025-11-05 02:44:01,373 - parser - DEBUG - Парсинг: уравнение=Eq(a*x + b, 0), x=x, params=[a, b]
2025-11-05 02:44:01,714 - solver - DEBUG - Степень уравнения по x: 1
2025-11-05 02:44:01,716 - solver - DEBUG - Линейное: A=a, B=b
2025-11-05 02:44:01,719 - geogebra - DEBUG - Сгенерирован GeoGebra JS: f(x) = x -2.0
2025-11-05 02:44:04,407 - __main__ - INFO - Загружен пример: a*x = a
2025-11-05 02:44:04,407 - __main__ - INFO - Решение уравнения: a*x = a
2025-11-05 02:44:04,414 - parser - DEBUG - Парсинг: уравнение=Eq(a*x, a), x=x, params=[a]
2025-11-05 02:44:04,438 - solver - DEBUG - Степень уравнения по x: 1
2025-11-05 02:44:04,439 - solver - DEBUG - Линейное: A=a, B=-a
2025-11-05 02:44:04,441 - geogebra - DEBUG - Сгенерирован GeoGebra JS: f(x) = x -1.0
2025-11-05 02:44:13,231 - __main__ - INFO - Загружен пример: 0*x = b
2025-11-05 02:44:13,231 - __main__ - INFO - Решение уравнения: 0*x = b
2025-11-05 02:44:13,236 - parser - DEBUG - Парсинг: уравнение=Eq(0*x, b), x=x, params=[b]
2025-11-05 02:44:13,243 - solver - DEBUG - Степень уравнения по x: 0
2025-11-05 02:44:13,246 - geogebra - DEBUG - Сгенерирован GeoGebra JS: f(x) = 2.00000000000000
2025-11-05 02:45:56,388 - __main__ - INFO - Примеры успешно загружены.
2025-11-05 02:46:09,506 - __main__ - INFO - Загружен пример: a*x + b = 0
2025-11-05 02:46:09,507 - __main__ - INFO - Решение уравнения: a*x + b = 0
2025-11-05 02:46:09,645 - parser - DEBUG - Парсинг: уравнение=Eq(a*x + b, 0), x=x, params=[a, b]
2025-11-05 02:46:09,973 - solver - DEBUG - Степень уравнения по x: 1
2025-11-05 02:46:09,975 - solver - DEBUG - Линейное: A=a, B=b
2025-11-05 02:46:09,979 - geogebra - DEBUG - Сгенерирован GeoGebra JS: f(x) = x -2.0
2025-11-05 02:53:12,479 - __main__ - INFO - Примеры успешно загружены.
2025-11-05 02:53:16,417 - __main__ - INFO - Загружен пример: a*x + b = 0
2025-11-05 02:53:16,417 - __main__ - INFO - Решение уравнения: a*x + b = 0
2025-11-05 02:53:16,533 - parser - DEBUG - Парсинг: уравнение=Eq(a*x + b, 0), x=x, params=[a, b]
2025-11-05 02:53:16,873 - solver - DEBUG - Степень уравнения по x: 1
2025-11-05 02:53:16,875 - solver - DEBUG - Линейное: A=a, B=b
2025-11-05 02:53:16,878 - geogebra - DEBUG - Сгенерирован GeoGebra JS (с подстановкой): f(x) = x -2.0
2025-11-05 02:53:16,987 - __main__ - DEBUG - Отправка JS-кода в GeoGebra...
2025-11-05 02:53:16,992 - __main__ - DEBUG - JS-код отправлен через runJavaScript.
2025-11-05 02:53:20,130 - __main__ - INFO - Загружен пример: 0*x = b
2025-11-05 02:53:20,130 - __main__ - INFO - Решение уравнения: 0*x = b
2025-11-05 02:53:20,136 - parser - DEBUG - Парсинг: уравнение=Eq(0*x, b), x=x, params=[b]
2025-11-05 02:53:20,143 - solver - DEBUG - Степень уравнения по x: 0
2025-11-05 02:53:20,145 - geogebra - DEBUG - Сгенерирован GeoGebra JS (с подстановкой): f(x) = 2.00000000000000
2025-11-05 02:53:20,212 - __main__ - DEBUG - Отправка JS-кода в GeoGebra...
2025-11-05 02:53:20,212 - __main__ - DEBUG - JS-код отправлен через runJavaScript.
2025-11-05 02:53:35,112 - __main__ - INFO - Загружен пример: a*x = a
2025-11-05 02:53:35,112 - __main__ - INFO - Решение уравнения: a*x = a
2025-11-05 02:53:35,119 - parser - DEBUG - Парсинг: уравнение=Eq(a*x, a), x=x, params=[a]
2025-11-05 02:53:35,142 - solver - DEBUG - Степень уравнения по x: 1
2025-11-05 02:53:35,143 - solver - DEBUG - Линейное: A=a, B=-a
2025-11-05 02:53:35,145 - geogebra - DEBUG - Сгенерирован GeoGebra JS (с подстановкой): f(x) = x -1.0
2025-11-05 02:53:35,218 - __main__ - DEBUG - Отправка JS-кода в GeoGebra...
2025-11-05 02:53:35,219 - __main__ - DEBUG - JS-код отправлен через runJavaScript.
2025-11-06 23:02:43,128 - __main__ - INFO - Примеры успешно загружены.
2025-11-06 23:09:09,019 - __main__ - INFO - Загружен пример: a*x + b = 0
2025-11-06 23:09:09,020 - __main__ - INFO - Решение уравнения: a*x + b = 0
2025-11-06 23:09:09,267 - parser - DEBUG - Парсинг: уравнение=Eq(a*x + b, 0), x=x, params=[a, b]
2025-11-06 23:09:09,913 - solver - DEBUG - Степень уравнения по x: 1
2025-11-06 23:09:09,915 - solver - DEBUG - Линейное: A=a, B=b
2025-11-06 23:09:09,924 - geogebra - DEBUG - Сгенерирован GeoGebra JS (с подстановкой): f(x) = x -2.0
2025-11-06 23:09:10,111 - __main__ - DEBUG - Отправка JS-кода в GeoGebra...
2025-11-06 23:09:10,124 - __main__ - DEBUG - JS-код отправлен через runJavaScript.
2025-11-06 23:48:15,059 - __main__ - INFO - Загружен пример: 0*x = b
2025-11-06 23:48:15,060 - __main__ - INFO - Решение уравнения: 0*x = b
2025-11-06 23:48:15,066 - parser - DEBUG - Парсинг: уравнение=Eq(0*x, b), x=x, params=[b]
2025-11-06 23:48:15,073 - solver - DEBUG - Степень уравнения по x: 0
2025-11-06 23:48:15,076 - geogebra - DEBUG - Сгенерирован GeoGebra JS (с подстановкой): f(x) = 2.00000000000000
2025-11-06 23:48:15,142 - __main__ - DEBUG - Отправка JS-кода в GeoGebra...
2025-11-06 23:48:15,142 - __main__ - DEBUG - JS-код отправлен через runJavaScript.
2025-11-06 23:48:18,385 - __main__ - INFO - Загружен пример: a*x = a
2025-11-06 23:48:18,385 - __main__ - INFO - Решение уравнения: a*x = a
2025-11-06 23:48:18,393 - parser - DEBUG - Парсинг: уравнение=Eq(a*x, a), x=x, params=[a]
2025-11-06 23:48:18,414 - solver - DEBUG - Степень уравнения по x: 1
2025-11-06 23:48:18,415 - solver - DEBUG - Линейное: A=a, B=-a
2025-11-06 23:48:18,418 - geogebra - DEBUG - Сгенерирован GeoGebra JS (с подстановкой): f(x) = x -1.0
2025-11-06 23:48:18,480 - __main__ - DEBUG - Отправка JS-кода в GeoGebra...
2025-11-06 23:48:18,480 - __main__ - DEBUG - JS-код отправлен через runJavaScript.
2025-11-06 23:59:48,373 - __main__ - INFO - Загружен пример: a*x^2 + b*x + c = 0
2025-11-06 23:59:48,374 - __main__ - INFO - Решение уравнения: a*x^2 + b*x + c = 0
2025-11-06 23:59:48,380 - parser - DEBUG - Парсинг: уравнение=False, x=x, params=[a, b, c]
2025-11-06 23:59:48,380 - __main__ - ERROR - Ошибка при решении уравнения: 'BooleanFalse' object has no attribute 'lhs'
Traceback (most recent call last):
  File "C:\Users\Taisiya\Desktop\Универ\4 курс\GeoGebra\GeogebraPyBotBase\main.py", line 142, in solve
    steps, x, params, expr = solve_equation(self.current_eq)
                             ^^^^^^^^^^^^^^^^^^^^^^^^^^^^^^^
  File "C:\Users\Taisiya\Desktop\Универ\4 курс\GeoGebra\GeogebraPyBotBase\solver.py", line 60, in solve_equation
    expr = eq.lhs - eq.rhs
           ^^^^^^
AttributeError: 'BooleanFalse' object has no attribute 'lhs'
2025-11-06 23:59:56,396 - __main__ - INFO - Загружен пример: x^2 - 2*p*x + p^2 = 0
2025-11-06 23:59:56,396 - __main__ - INFO - Решение уравнения: x^2 - 2*p*x + p^2 = 0
2025-11-06 23:59:56,401 - parser - DEBUG - Парсинг: уравнение=False, x=x, params=[p]
2025-11-06 23:59:56,402 - __main__ - ERROR - Ошибка при решении уравнения: 'BooleanFalse' object has no attribute 'lhs'
Traceback (most recent call last):
  File "C:\Users\Taisiya\Desktop\Универ\4 курс\GeoGebra\GeogebraPyBotBase\main.py", line 142, in solve
    steps, x, params, expr = solve_equation(self.current_eq)
                             ^^^^^^^^^^^^^^^^^^^^^^^^^^^^^^^
  File "C:\Users\Taisiya\Desktop\Универ\4 курс\GeoGebra\GeogebraPyBotBase\solver.py", line 60, in solve_equation
    expr = eq.lhs - eq.rhs
           ^^^^^^
AttributeError: 'BooleanFalse' object has no attribute 'lhs'
2025-11-07 00:00:05,232 - __main__ - INFO - Загружен пример: 0*x^2 + b*x + c = 0
2025-11-07 00:00:05,232 - __main__ - INFO - Решение уравнения: 0*x^2 + b*x + c = 0
2025-11-07 00:00:05,236 - parser - DEBUG - Парсинг: уравнение=False, x=x, params=[b, c]
2025-11-07 00:00:05,236 - __main__ - ERROR - Ошибка при решении уравнения: 'BooleanFalse' object has no attribute 'lhs'
Traceback (most recent call last):
  File "C:\Users\Taisiya\Desktop\Универ\4 курс\GeoGebra\GeogebraPyBotBase\main.py", line 142, in solve
    steps, x, params, expr = solve_equation(self.current_eq)
                             ^^^^^^^^^^^^^^^^^^^^^^^^^^^^^^^
  File "C:\Users\Taisiya\Desktop\Универ\4 курс\GeoGebra\GeogebraPyBotBase\solver.py", line 60, in solve_equation
    expr = eq.lhs - eq.rhs
           ^^^^^^
AttributeError: 'BooleanFalse' object has no attribute 'lhs'
2025-11-07 00:00:44,968 - __main__ - INFO - Решение уравнения: x^2 - 3*p*x + p^2 = 0
2025-11-07 00:00:44,972 - parser - DEBUG - Парсинг: уравнение=False, x=x, params=[p]
2025-11-07 00:00:44,972 - __main__ - ERROR - Ошибка при решении уравнения: 'BooleanFalse' object has no attribute 'lhs'
Traceback (most recent call last):
  File "C:\Users\Taisiya\Desktop\Универ\4 курс\GeoGebra\GeogebraPyBotBase\main.py", line 142, in solve
    steps, x, params, expr = solve_equation(self.current_eq)
                             ^^^^^^^^^^^^^^^^^^^^^^^^^^^^^^^
  File "C:\Users\Taisiya\Desktop\Универ\4 курс\GeoGebra\GeogebraPyBotBase\solver.py", line 60, in solve_equation
    expr = eq.lhs - eq.rhs
           ^^^^^^
AttributeError: 'BooleanFalse' object has no attribute 'lhs'
2025-11-07 00:01:09,825 - __main__ - INFO - Решение уравнения: a*x+4*a=0
2025-11-07 00:01:09,834 - parser - DEBUG - Парсинг: уравнение=Eq(a*x + 4*a, 0), x=x, params=[a]
2025-11-07 00:01:09,854 - solver - DEBUG - Степень уравнения по x: 1
2025-11-07 00:01:09,855 - solver - DEBUG - Линейное: A=a, B=4*a
2025-11-07 00:01:09,858 - geogebra - DEBUG - Сгенерирован GeoGebra JS (с подстановкой): f(x) = x +4.0
2025-11-07 00:01:09,925 - __main__ - DEBUG - Отправка JS-кода в GeoGebra...
2025-11-07 00:01:09,926 - __main__ - DEBUG - JS-код отправлен через runJavaScript.
